{"/Users/kleberfreire/Desktop/Codigo Cursos/Dev Pleno/Fullstack/Semana 02/ConvertMyMoney/lib/api.bcb.js": {"path":"/Users/kleberfreire/Desktop/Codigo Cursos/Dev Pleno/Fullstack/Semana 02/ConvertMyMoney/lib/api.bcb.js","statementMap":{"0":{"start":{"line":1,"column":14},"end":{"line":1,"column":30}},"1":{"start":{"line":3,"column":17},"end":{"line":10,"column":1}},"2":{"start":{"line":4,"column":15},"end":{"line":4,"column":25}},"3":{"start":{"line":5,"column":14},"end":{"line":5,"column":28}},"4":{"start":{"line":6,"column":14},"end":{"line":6,"column":33}},"5":{"start":{"line":7,"column":14},"end":{"line":7,"column":32}},"6":{"start":{"line":9,"column":2},"end":{"line":9,"column":31}},"7":{"start":{"line":12,"column":15},"end":{"line":16,"column":1}},"8":{"start":{"line":13,"column":14},"end":{"line":13,"column":215}},"9":{"start":{"line":15,"column":2},"end":{"line":15,"column":12}},"10":{"start":{"line":18,"column":22},"end":{"line":18,"column":43}},"11":{"start":{"line":18,"column":29},"end":{"line":18,"column":43}},"12":{"start":{"line":19,"column":23},"end":{"line":19,"column":60}},"13":{"start":{"line":19,"column":30},"end":{"line":19,"column":60}},"14":{"start":{"line":21,"column":19},"end":{"line":32,"column":1}},"15":{"start":{"line":21,"column":27},"end":{"line":32,"column":1}},"16":{"start":{"line":22,"column":2},"end":{"line":31,"column":3}},"17":{"start":{"line":23,"column":64},"end":{"line":23,"column":68}},"18":{"start":{"line":24,"column":18},"end":{"line":24,"column":28}},"19":{"start":{"line":25,"column":16},"end":{"line":25,"column":29}},"20":{"start":{"line":26,"column":16},"end":{"line":26,"column":40}},"21":{"start":{"line":27,"column":20},"end":{"line":27,"column":39}},"22":{"start":{"line":28,"column":4},"end":{"line":28,"column":29}},"23":{"start":{"line":30,"column":4},"end":{"line":30,"column":13}},"24":{"start":{"line":33,"column":0},"end":{"line":43,"column":1}}},"fnMap":{"0":{"name":"(anonymous_0)","decl":{"start":{"line":3,"column":17},"end":{"line":3,"column":18}},"loc":{"start":{"line":3,"column":23},"end":{"line":10,"column":1}},"line":3},"1":{"name":"(anonymous_1)","decl":{"start":{"line":12,"column":15},"end":{"line":12,"column":16}},"loc":{"start":{"line":12,"column":25},"end":{"line":16,"column":1}},"line":12},"2":{"name":"(anonymous_2)","decl":{"start":{"line":18,"column":22},"end":{"line":18,"column":23}},"loc":{"start":{"line":18,"column":29},"end":{"line":18,"column":43}},"line":18},"3":{"name":"(anonymous_3)","decl":{"start":{"line":19,"column":23},"end":{"line":19,"column":24}},"loc":{"start":{"line":19,"column":30},"end":{"line":19,"column":60}},"line":19},"4":{"name":"(anonymous_4)","decl":{"start":{"line":21,"column":19},"end":{"line":21,"column":20}},"loc":{"start":{"line":21,"column":27},"end":{"line":32,"column":1}},"line":21},"5":{"name":"(anonymous_5)","decl":{"start":{"line":21,"column":27},"end":{"line":21,"column":28}},"loc":{"start":{"line":21,"column":39},"end":{"line":32,"column":1}},"line":21}},"branchMap":{},"s":{"0":1,"1":1,"2":1,"3":1,"4":1,"5":1,"6":1,"7":1,"8":1,"9":1,"10":1,"11":1,"12":1,"13":1,"14":1,"15":3,"16":2,"17":2,"18":2,"19":2,"20":2,"21":1,"22":1,"23":1,"24":1},"f":{"0":1,"1":1,"2":1,"3":1,"4":3,"5":2},"b":{},"_coverageSchema":"43e27e138ebf9cfc5966b082cf9a028302ed4184","hash":"17559fca98a48a6a312b95867c500cc29eb42862"}
,"/Users/kleberfreire/Desktop/Codigo Cursos/Dev Pleno/Fullstack/Semana 02/ConvertMyMoney/lib/convert.js": {"path":"/Users/kleberfreire/Desktop/Codigo Cursos/Dev Pleno/Fullstack/Semana 02/ConvertMyMoney/lib/convert.js","statementMap":{"0":{"start":{"line":1,"column":16},"end":{"line":3,"column":1}},"1":{"start":{"line":2,"column":2},"end":{"line":2,"column":30}},"2":{"start":{"line":5,"column":16},"end":{"line":7,"column":1}},"3":{"start":{"line":6,"column":2},"end":{"line":6,"column":37}},"4":{"start":{"line":9,"column":0},"end":{"line":12,"column":1}}},"fnMap":{"0":{"name":"(anonymous_0)","decl":{"start":{"line":1,"column":16},"end":{"line":1,"column":17}},"loc":{"start":{"line":1,"column":42},"end":{"line":3,"column":1}},"line":1},"1":{"name":"(anonymous_1)","decl":{"start":{"line":5,"column":16},"end":{"line":5,"column":17}},"loc":{"start":{"line":5,"column":25},"end":{"line":7,"column":1}},"line":5}},"branchMap":{},"s":{"0":1,"1":2,"2":1,"3":1,"4":1},"f":{"0":2,"1":1},"b":{},"_coverageSchema":"43e27e138ebf9cfc5966b082cf9a028302ed4184","hash":"3ce0303a3bf6829b8670e354fca48235824bed7e"}
}
